\BOOKMARK [1][-]{section*.5}{Brief Summary}{}
\BOOKMARK [1][-]{section*.6}{Introduction}{}
\BOOKMARK [2][-]{section*.7}{Use of Online Labor Markets}{section*.6}
\BOOKMARK [2][-]{section*.8}{Obtaining Quality Work}{section*.6}
\BOOKMARK [2][-]{section*.9}{Content Analysis}{section*.6}
\BOOKMARK [2][-]{section*.10}{Our Approach}{section*.6}
\BOOKMARK [2][-]{section*.11}{Our Task}{section*.6}
\BOOKMARK [2][-]{section*.12}{Overview of Results}{section*.6}
\BOOKMARK [1][-]{section*.13}{Methods and Materials}{}
\BOOKMARK [2][-]{section*.14}{Content Analysis Task}{section*.13}
\BOOKMARK [2][-]{section*.15}{Conduct of the experiment}{section*.13}
\BOOKMARK [2][-]{section*.16}{Overview of Treatments: Social, Financial, and Hybrid Incentives}{section*.13}
\BOOKMARK [2][-]{section*.17}{Control Conditions}{section*.13}
\BOOKMARK [2][-]{section*.18}{Treatment Conditions}{section*.13}
\BOOKMARK [2][-]{section*.19}{Data Collection}{section*.13}
\BOOKMARK [2][-]{section*.20}{Statistical Analysis}{section*.13}
\BOOKMARK [1][-]{section*.21}{Results}{}
\BOOKMARK [2][-]{section*.22}{Performance on Individual Questions}{section*.21}
\BOOKMARK [2][-]{section*.23}{Aggregate Performance \(All Five Questions\)}{section*.21}
\BOOKMARK [2][-]{section*.24}{Post-hoc Demographic Analysis}{section*.21}
\BOOKMARK [1][-]{section*.25}{Discussion}{}
\BOOKMARK [1][-]{section*.26}{Conclusions and Future Work}{}
\BOOKMARK [1][-]{section*.27}{Acknowledgments}{}
\BOOKMARK [1][-]{section*.28}{REFERENCES }{}
